DEBUG:urllib3.connectionpool:Starting new HTTP connection (1): www.basketball-reference.com
DEBUG:urllib3.connectionpool:http://www.basketball-reference.com:80 "GET /leagues/NBA_2017_per_game.html HTTP/1.1" 301 185
DEBUG:urllib3.connectionpool:Starting new HTTPS connection (1): www.basketball-reference.com
DEBUG:urllib3.connectionpool:https://www.basketball-reference.com:443 "GET /leagues/NBA_2017_per_game.html HTTP/1.1" 200 None
DEBUG:urllib3.connectionpool:Starting new HTTP connection (1): www.basketball-reference.com
DEBUG:urllib3.connectionpool:http://www.basketball-reference.com:80 "GET /leagues/NBA_2017_per_game.html HTTP/1.1" 301 185
DEBUG:urllib3.connectionpool:Starting new HTTPS connection (1): www.basketball-reference.com
DEBUG:urllib3.connectionpool:https://www.basketball-reference.com:443 "GET /leagues/NBA_2017_per_game.html HTTP/1.1" 200 None
DEBUG:parso.cache:pickle loaded: /Users/michael/.virtualenvs/firstEnv/lib/python3.6/site-packages/sklearn/__init__.py
DEBUG:parso.cache:pickle loaded: /Users/michael/.virtualenvs/firstEnv/lib/python3.6/site-packages/sklearn/model_selection/__init__.py
DEBUG:parso.python.diff:diff parser start
DEBUG:parso.python.diff:diff parser calculated
DEBUG:parso.python.diff:diff: line_lengths old: 1, new: 1
DEBUG:parso.python.diff:diff replace old[1:1] new[1:1]
DEBUG:parso.python.diff:parse_part from 1 to 1 (to 0 in part parser)
DEBUG:parso.python.diff:diff parser end
DEBUG:parso.cache:pickle loaded: /Users/michael/.virtualenvs/firstEnv/lib/python3.6/site-packages/sklearn/model_selection/_split.py
DEBUG:parso.python.diff:diff parser start
DEBUG:parso.python.diff:diff parser calculated
DEBUG:parso.python.diff:diff: line_lengths old: 1, new: 2
DEBUG:parso.python.diff:diff replace old[1:1] new[1:2]
DEBUG:parso.python.diff:parse_part from 1 to 2 (to 1 in part parser)
DEBUG:parso.python.diff:diff parser end
DEBUG:parso.cache:pickle loaded: /Users/michael/.virtualenvs/firstEnv/lib/python3.6/site-packages/sklearn/preprocessing/__init__.py
DEBUG:parso.python.diff:diff parser start
DEBUG:parso.python.diff:diff parser calculated
DEBUG:parso.python.diff:diff: line_lengths old: 2, new: 2
DEBUG:parso.python.diff:diff equal old[1:1] new[1:1]
DEBUG:parso.python.diff:diff actually copy 1 to 1
DEBUG:parso.python.diff:diff replace old[2:2] new[2:2]
DEBUG:parso.python.diff:parse_part from 2 to 2 (to 1 in part parser)
DEBUG:parso.python.diff:diff parser end
DEBUG:parso.cache:pickle loaded: /Users/michael/.virtualenvs/firstEnv/lib/python3.6/site-packages/sklearn/preprocessing/label.py
DEBUG:parso.python.diff:diff parser start
DEBUG:parso.python.diff:diff parser calculated
DEBUG:parso.python.diff:diff: line_lengths old: 2, new: 2
DEBUG:parso.python.diff:diff equal old[1:1] new[1:1]
DEBUG:parso.python.diff:diff actually copy 1 to 1
DEBUG:parso.python.diff:diff replace old[2:2] new[2:2]
DEBUG:parso.python.diff:parse_part from 2 to 2 (to 1 in part parser)
DEBUG:parso.python.diff:diff parser end
DEBUG:parso.python.diff:diff parser start
DEBUG:parso.python.diff:diff parser calculated
DEBUG:parso.python.diff:diff: line_lengths old: 2, new: 2
DEBUG:parso.python.diff:diff equal old[1:1] new[1:1]
DEBUG:parso.python.diff:diff actually copy 1 to 1
DEBUG:parso.python.diff:diff replace old[2:2] new[2:2]
DEBUG:parso.python.diff:parse_part from 2 to 2 (to 1 in part parser)
DEBUG:parso.python.diff:diff parser end
DEBUG:parso.python.diff:diff parser start
DEBUG:parso.python.diff:diff parser calculated
DEBUG:parso.python.diff:diff: line_lengths old: 2, new: 2
DEBUG:parso.python.diff:diff equal old[1:1] new[1:1]
DEBUG:parso.python.diff:diff actually copy 1 to 1
DEBUG:parso.python.diff:diff replace old[2:2] new[2:2]
DEBUG:parso.python.diff:parse_part from 2 to 2 (to 1 in part parser)
DEBUG:parso.python.diff:diff parser end
DEBUG:parso.cache:pickle loaded: /Users/michael/.virtualenvs/firstEnv/lib/python3.6/site-packages/sklearn/preprocessing/data.py
DEBUG:parso.python.diff:diff parser start
DEBUG:parso.python.diff:diff parser calculated
DEBUG:parso.python.diff:diff: line_lengths old: 2, new: 3
DEBUG:parso.python.diff:diff equal old[1:1] new[1:1]
DEBUG:parso.python.diff:diff actually copy 1 to 1
DEBUG:parso.python.diff:diff replace old[2:2] new[2:3]
DEBUG:parso.python.diff:parse_part from 2 to 3 (to 2 in part parser)
DEBUG:parso.python.diff:diff parser end
DEBUG:parso.python.diff:diff parser start
DEBUG:parso.python.diff:diff parser calculated
DEBUG:parso.python.diff:diff: line_lengths old: 3, new: 3
DEBUG:parso.python.diff:diff equal old[1:2] new[1:2]
DEBUG:parso.python.diff:diff actually copy 1 to 2
DEBUG:parso.python.diff:diff replace old[3:3] new[3:3]
DEBUG:parso.python.diff:parse_part from 3 to 3 (to 2 in part parser)
DEBUG:parso.python.diff:diff parser end
DEBUG:parso.python.diff:diff parser start
DEBUG:parso.python.diff:diff parser calculated
DEBUG:parso.python.diff:diff: line_lengths old: 3, new: 4
DEBUG:parso.python.diff:diff equal old[1:2] new[1:2]
DEBUG:parso.python.diff:diff actually copy 1 to 2
DEBUG:parso.python.diff:diff replace old[3:3] new[3:4]
DEBUG:parso.python.diff:parse_part from 3 to 4 (to 3 in part parser)
DEBUG:parso.python.diff:diff parser end
DEBUG:parso.python.diff:diff parser start
DEBUG:parso.python.diff:diff parser calculated
DEBUG:parso.python.diff:diff: line_lengths old: 4, new: 4
DEBUG:parso.python.diff:diff equal old[1:3] new[1:3]
DEBUG:parso.python.diff:diff actually copy 1 to 3
DEBUG:parso.python.diff:diff replace old[4:4] new[4:4]
DEBUG:parso.python.diff:parse_part from 4 to 4 (to 3 in part parser)
DEBUG:parso.python.diff:diff parser end
DEBUG:parso.python.diff:diff parser start
DEBUG:parso.python.diff:diff parser calculated
DEBUG:parso.python.diff:diff: line_lengths old: 4, new: 1
DEBUG:parso.python.diff:diff replace old[1:4] new[1:1]
DEBUG:parso.python.diff:parse_part from 1 to 1 (to 0 in part parser)
DEBUG:parso.python.diff:diff parser end
DEBUG:parso.python.diff:diff parser start
DEBUG:parso.python.diff:diff parser calculated
DEBUG:parso.python.diff:diff: line_lengths old: 1, new: 1
DEBUG:parso.python.diff:diff replace old[1:1] new[1:1]
DEBUG:parso.python.diff:parse_part from 1 to 1 (to 0 in part parser)
DEBUG:parso.python.diff:diff parser end
DEBUG:parso.python.diff:diff parser start
DEBUG:parso.python.diff:diff parser calculated
DEBUG:parso.python.diff:diff: line_lengths old: 1, new: 1
DEBUG:parso.python.diff:diff replace old[1:1] new[1:1]
DEBUG:parso.python.diff:parse_part from 1 to 1 (to 0 in part parser)
DEBUG:parso.python.diff:diff parser end
DEBUG:parso.python.diff:diff parser start
DEBUG:parso.python.diff:diff parser calculated
DEBUG:parso.python.diff:diff: line_lengths old: 1, new: 1
DEBUG:parso.python.diff:diff replace old[1:1] new[1:1]
DEBUG:parso.python.diff:parse_part from 1 to 1 (to 0 in part parser)
DEBUG:parso.python.diff:diff parser end
DEBUG:parso.python.diff:diff parser start
DEBUG:parso.python.diff:diff parser calculated
DEBUG:parso.python.diff:diff: line_lengths old: 1, new: 1
DEBUG:parso.python.diff:diff replace old[1:1] new[1:1]
DEBUG:parso.python.diff:parse_part from 1 to 1 (to 0 in part parser)
DEBUG:parso.python.diff:diff parser end
DEBUG:parso.python.diff:diff parser start
DEBUG:parso.python.diff:diff parser calculated
DEBUG:parso.python.diff:diff: line_lengths old: 1, new: 1
DEBUG:parso.python.diff:diff replace old[1:1] new[1:1]
DEBUG:parso.python.diff:parse_part from 1 to 1 (to 0 in part parser)
DEBUG:parso.python.diff:diff parser end
DEBUG:parso.cache:pickle loaded: /Users/michael/.virtualenvs/firstEnv/lib/python3.6/site-packages/numpy/__init__.py
DEBUG:parso.cache:pickle loaded: /Users/michael/.virtualenvs/firstEnv/lib/python3.6/site-packages/numpy/lib/arraysetops.py
DEBUG:parso.python.diff:diff parser start
DEBUG:parso.python.diff:diff parser calculated
DEBUG:parso.python.diff:diff: line_lengths old: 1, new: 1
DEBUG:parso.python.diff:diff replace old[1:1] new[1:1]
DEBUG:parso.python.diff:parse_part from 1 to 1 (to 0 in part parser)
DEBUG:parso.python.diff:diff parser end
DEBUG:urllib3.connectionpool:Starting new HTTP connection (1): www.basketball-reference.com
DEBUG:urllib3.connectionpool:http://www.basketball-reference.com:80 "GET /leagues/NBA_2017_per_game.html HTTP/1.1" 301 185
DEBUG:urllib3.connectionpool:Starting new HTTPS connection (1): www.basketball-reference.com
DEBUG:urllib3.connectionpool:https://www.basketball-reference.com:443 "GET /leagues/NBA_2017_per_game.html HTTP/1.1" 200 None
DEBUG:urllib3.connectionpool:Starting new HTTP connection (1): www.basketball-reference.com
DEBUG:urllib3.connectionpool:http://www.basketball-reference.com:80 "GET /leagues/NBA_2017_per_game.html HTTP/1.1" 301 185
DEBUG:urllib3.connectionpool:Starting new HTTPS connection (1): www.basketball-reference.com
DEBUG:urllib3.connectionpool:https://www.basketball-reference.com:443 "GET /leagues/NBA_2017_per_game.html HTTP/1.1" 200 None
DEBUG:urllib3.connectionpool:Starting new HTTP connection (1): www.basketball-reference.com
DEBUG:urllib3.connectionpool:http://www.basketball-reference.com:80 "GET /leagues/NBA_2017_per_game.html HTTP/1.1" 301 185
DEBUG:urllib3.connectionpool:Starting new HTTPS connection (1): www.basketball-reference.com
DEBUG:urllib3.connectionpool:https://www.basketball-reference.com:443 "GET /leagues/NBA_2017_per_game.html HTTP/1.1" 200 None
DEBUG:urllib3.connectionpool:Starting new HTTP connection (1): www.basketball-reference.com
DEBUG:urllib3.connectionpool:http://www.basketball-reference.com:80 "GET /leagues/NBA_2017_per_game.html HTTP/1.1" 301 185
DEBUG:urllib3.connectionpool:Starting new HTTPS connection (1): www.basketball-reference.com
DEBUG:urllib3.connectionpool:https://www.basketball-reference.com:443 "GET /leagues/NBA_2017_per_game.html HTTP/1.1" 200 None
DEBUG:urllib3.connectionpool:Starting new HTTP connection (1): www.basketball-reference.com
DEBUG:urllib3.connectionpool:http://www.basketball-reference.com:80 "GET /leagues/NBA_2017_per_game.html HTTP/1.1" 301 185
DEBUG:urllib3.connectionpool:Starting new HTTPS connection (1): www.basketball-reference.com
DEBUG:urllib3.connectionpool:https://www.basketball-reference.com:443 "GET /leagues/NBA_2017_per_game.html HTTP/1.1" 200 None
DEBUG:urllib3.connectionpool:Starting new HTTP connection (1): www.basketball-reference.com
DEBUG:urllib3.connectionpool:http://www.basketball-reference.com:80 "GET /leagues/NBA_2017_per_game.html HTTP/1.1" 301 185
DEBUG:urllib3.connectionpool:Starting new HTTPS connection (1): www.basketball-reference.com
DEBUG:urllib3.connectionpool:https://www.basketball-reference.com:443 "GET /leagues/NBA_2017_per_game.html HTTP/1.1" 200 None
INFO:werkzeug: * Running on http://127.0.0.1:8050/ (Press CTRL+C to quit)
INFO:werkzeug: * Restarting with stat
DEBUG:urllib3.connectionpool:Starting new HTTP connection (1): www.basketball-reference.com
DEBUG:urllib3.connectionpool:http://www.basketball-reference.com:80 "GET /leagues/NBA_2017_per_game.html HTTP/1.1" 301 185
DEBUG:urllib3.connectionpool:Starting new HTTPS connection (1): www.basketball-reference.com
DEBUG:urllib3.connectionpool:https://www.basketball-reference.com:443 "GET /leagues/NBA_2017_per_game.html HTTP/1.1" 200 None
WARNING:werkzeug: * Debugger is active!
INFO:werkzeug: * Debugger PIN: 195-369-860
DEBUG:urllib3.connectionpool:Starting new HTTP connection (1): www.basketball-reference.com
DEBUG:urllib3.connectionpool:http://www.basketball-reference.com:80 "GET /leagues/NBA_2017_per_game.html HTTP/1.1" 301 185
DEBUG:urllib3.connectionpool:Starting new HTTPS connection (1): www.basketball-reference.com
DEBUG:urllib3.connectionpool:https://www.basketball-reference.com:443 "GET /leagues/NBA_2017_per_game.html HTTP/1.1" 200 None
DEBUG:parso.python.diff:diff parser start
DEBUG:parso.python.diff:diff parser calculated
DEBUG:parso.python.diff:diff: line_lengths old: 1, new: 1
DEBUG:parso.python.diff:diff replace old[1:1] new[1:1]
DEBUG:parso.python.diff:parse_part from 1 to 1 (to 0 in part parser)
DEBUG:parso.python.diff:diff parser end
DEBUG:parso.python.diff:diff parser start
DEBUG:parso.python.diff:diff parser calculated
DEBUG:parso.python.diff:diff: line_lengths old: 1, new: 1
DEBUG:parso.python.diff:diff replace old[1:1] new[1:1]
DEBUG:parso.python.diff:parse_part from 1 to 1 (to 0 in part parser)
DEBUG:parso.python.diff:diff parser end
DEBUG:parso.python.diff:diff parser start
DEBUG:parso.python.diff:diff parser calculated
DEBUG:parso.python.diff:diff: line_lengths old: 1, new: 1
DEBUG:parso.python.diff:diff replace old[1:1] new[1:1]
DEBUG:parso.python.diff:parse_part from 1 to 1 (to 0 in part parser)
DEBUG:parso.python.diff:diff parser end
DEBUG:parso.python.diff:diff parser start
DEBUG:parso.python.diff:diff parser calculated
DEBUG:parso.python.diff:diff: line_lengths old: 1, new: 1
DEBUG:parso.python.diff:diff replace old[1:1] new[1:1]
DEBUG:parso.python.diff:parse_part from 1 to 1 (to 0 in part parser)
DEBUG:parso.python.diff:diff parser end
DEBUG:parso.python.diff:diff parser start
DEBUG:parso.python.diff:diff parser calculated
DEBUG:parso.python.diff:diff: line_lengths old: 1, new: 1
DEBUG:parso.python.diff:diff replace old[1:1] new[1:1]
DEBUG:parso.python.diff:parse_part from 1 to 1 (to 0 in part parser)
DEBUG:parso.python.diff:diff parser end
DEBUG:urllib3.connectionpool:Starting new HTTP connection (1): www.basketball-reference.com
DEBUG:urllib3.connectionpool:http://www.basketball-reference.com:80 "GET /leagues/NBA_2017_per_game.html HTTP/1.1" 301 185
DEBUG:urllib3.connectionpool:Starting new HTTPS connection (1): www.basketball-reference.com
DEBUG:urllib3.connectionpool:https://www.basketball-reference.com:443 "GET /leagues/NBA_2017_per_game.html HTTP/1.1" 200 None
DEBUG:urllib3.connectionpool:Starting new HTTP connection (1): www.basketball-reference.com
DEBUG:urllib3.connectionpool:http://www.basketball-reference.com:80 "GET /leagues/NBA_2017_per_game.html HTTP/1.1" 301 185
DEBUG:urllib3.connectionpool:Starting new HTTPS connection (1): www.basketball-reference.com
DEBUG:urllib3.connectionpool:https://www.basketball-reference.com:443 "GET /leagues/NBA_2017_per_game.html HTTP/1.1" 200 None
DEBUG:urllib3.connectionpool:Starting new HTTP connection (1): www.basketball-reference.com
DEBUG:urllib3.connectionpool:http://www.basketball-reference.com:80 "GET /leagues/NBA_2017_per_game.html HTTP/1.1" 301 185
DEBUG:urllib3.connectionpool:Starting new HTTPS connection (1): www.basketball-reference.com
DEBUG:urllib3.connectionpool:https://www.basketball-reference.com:443 "GET /leagues/NBA_2017_per_game.html HTTP/1.1" 200 None
DEBUG:urllib3.connectionpool:Starting new HTTP connection (1): www.basketball-reference.com
DEBUG:urllib3.connectionpool:http://www.basketball-reference.com:80 "GET /leagues/NBA_2017_per_game.html HTTP/1.1" 301 185
DEBUG:urllib3.connectionpool:Starting new HTTPS connection (1): www.basketball-reference.com
DEBUG:urllib3.connectionpool:https://www.basketball-reference.com:443 "GET /leagues/NBA_2017_per_game.html HTTP/1.1" 200 None
DEBUG:urllib3.connectionpool:Starting new HTTP connection (1): www.basketball-reference.com
DEBUG:urllib3.connectionpool:http://www.basketball-reference.com:80 "GET /leagues/NBA_2017_per_game.html HTTP/1.1" 301 185
DEBUG:urllib3.connectionpool:Starting new HTTPS connection (1): www.basketball-reference.com
DEBUG:urllib3.connectionpool:https://www.basketball-reference.com:443 "GET /leagues/NBA_2017_per_game.html HTTP/1.1" 200 None
DEBUG:urllib3.connectionpool:Starting new HTTP connection (1): www.basketball-reference.com
DEBUG:urllib3.connectionpool:http://www.basketball-reference.com:80 "GET /leagues/NBA_2017_per_game.html HTTP/1.1" 301 185
DEBUG:urllib3.connectionpool:Starting new HTTPS connection (1): www.basketball-reference.com
DEBUG:urllib3.connectionpool:https://www.basketball-reference.com:443 "GET /leagues/NBA_2017_per_game.html HTTP/1.1" 200 None
INFO:werkzeug: * Running on http://127.0.0.1:8050/ (Press CTRL+C to quit)
INFO:werkzeug: * Restarting with stat
DEBUG:urllib3.connectionpool:Starting new HTTP connection (1): www.basketball-reference.com
DEBUG:urllib3.connectionpool:http://www.basketball-reference.com:80 "GET /leagues/NBA_2017_per_game.html HTTP/1.1" 301 185
DEBUG:urllib3.connectionpool:Starting new HTTPS connection (1): www.basketball-reference.com
DEBUG:urllib3.connectionpool:https://www.basketball-reference.com:443 "GET /leagues/NBA_2017_per_game.html HTTP/1.1" 200 None
WARNING:werkzeug: * Debugger is active!
INFO:werkzeug: * Debugger PIN: 195-369-860
INFO:werkzeug: * Detected change in '/Users/michael/Documents/workspace/autvincere/aut_vincere/dash_plot.py', reloading
INFO:werkzeug: * Restarting with stat
DEBUG:urllib3.connectionpool:Starting new HTTP connection (1): www.basketball-reference.com
DEBUG:urllib3.connectionpool:http://www.basketball-reference.com:80 "GET /leagues/NBA_2017_per_game.html HTTP/1.1" 301 185
DEBUG:urllib3.connectionpool:Starting new HTTPS connection (1): www.basketball-reference.com
DEBUG:urllib3.connectionpool:https://www.basketball-reference.com:443 "GET /leagues/NBA_2017_per_game.html HTTP/1.1" 200 None
DEBUG:urllib3.connectionpool:Starting new HTTP connection (1): www.basketball-reference.com
DEBUG:urllib3.connectionpool:http://www.basketball-reference.com:80 "GET /leagues/NBA_2017_per_game.html HTTP/1.1" 301 185
DEBUG:urllib3.connectionpool:Starting new HTTPS connection (1): www.basketball-reference.com
DEBUG:urllib3.connectionpool:https://www.basketball-reference.com:443 "GET /leagues/NBA_2017_per_game.html HTTP/1.1" 200 None
INFO:werkzeug: * Running on http://127.0.0.1:8050/ (Press CTRL+C to quit)
INFO:werkzeug: * Restarting with stat
DEBUG:urllib3.connectionpool:Starting new HTTP connection (1): www.basketball-reference.com
DEBUG:urllib3.connectionpool:http://www.basketball-reference.com:80 "GET /leagues/NBA_2017_per_game.html HTTP/1.1" 301 185
DEBUG:urllib3.connectionpool:Starting new HTTPS connection (1): www.basketball-reference.com
DEBUG:urllib3.connectionpool:https://www.basketball-reference.com:443 "GET /leagues/NBA_2017_per_game.html HTTP/1.1" 200 None
WARNING:werkzeug: * Debugger is active!
INFO:werkzeug: * Debugger PIN: 195-369-860
INFO:werkzeug: * Detected change in '/Users/michael/Documents/workspace/autvincere/aut_vincere/dash_plot.py', reloading
INFO:werkzeug: * Restarting with stat
DEBUG:urllib3.connectionpool:Starting new HTTP connection (1): www.basketball-reference.com
DEBUG:urllib3.connectionpool:Starting new HTTP connection (1): www.basketball-reference.com
DEBUG:urllib3.connectionpool:http://www.basketball-reference.com:80 "GET /leagues/NBA_2017_per_game.html HTTP/1.1" 301 185
DEBUG:urllib3.connectionpool:Starting new HTTPS connection (1): www.basketball-reference.com
DEBUG:urllib3.connectionpool:https://www.basketball-reference.com:443 "GET /leagues/NBA_2017_per_game.html HTTP/1.1" 200 None
INFO:werkzeug: * Running on http://127.0.0.1:8050/ (Press CTRL+C to quit)
INFO:werkzeug: * Restarting with stat
DEBUG:urllib3.connectionpool:Starting new HTTP connection (1): www.basketball-reference.com
DEBUG:urllib3.connectionpool:http://www.basketball-reference.com:80 "GET /leagues/NBA_2017_per_game.html HTTP/1.1" 301 185
DEBUG:urllib3.connectionpool:Starting new HTTPS connection (1): www.basketball-reference.com
DEBUG:urllib3.connectionpool:https://www.basketball-reference.com:443 "GET /leagues/NBA_2017_per_game.html HTTP/1.1" 200 None
WARNING:werkzeug: * Debugger is active!
INFO:werkzeug: * Debugger PIN: 195-369-860
INFO:werkzeug: * Detected change in '/Users/michael/Documents/workspace/autvincere/aut_vincere/dash_plot.py', reloading
INFO:werkzeug: * Restarting with stat
DEBUG:urllib3.connectionpool:Starting new HTTP connection (1): www.basketball-reference.com
DEBUG:urllib3.connectionpool:http://www.basketball-reference.com:80 "GET /leagues/NBA_2017_per_game.html HTTP/1.1" 301 185
DEBUG:urllib3.connectionpool:Starting new HTTPS connection (1): www.basketball-reference.com
DEBUG:urllib3.connectionpool:https://www.basketball-reference.com:443 "GET /leagues/NBA_2017_per_game.html HTTP/1.1" 200 None
WARNING:werkzeug: * Debugger is active!
INFO:werkzeug: * Debugger PIN: 195-369-860
INFO:werkzeug: * Detected change in '/Users/michael/Documents/workspace/autvincere/aut_vincere/dash_plot.py', reloading
INFO:werkzeug: * Restarting with stat
DEBUG:urllib3.connectionpool:Starting new HTTP connection (1): www.basketball-reference.com
DEBUG:urllib3.connectionpool:http://www.basketball-reference.com:80 "GET /leagues/NBA_2017_per_game.html HTTP/1.1" 301 185
DEBUG:urllib3.connectionpool:Starting new HTTPS connection (1): www.basketball-reference.com
DEBUG:urllib3.connectionpool:https://www.basketball-reference.com:443 "GET /leagues/NBA_2017_per_game.html HTTP/1.1" 200 None
WARNING:werkzeug: * Debugger is active!
INFO:werkzeug: * Debugger PIN: 195-369-860
DEBUG:urllib3.connectionpool:Starting new HTTP connection (1): www.basketball-reference.com
DEBUG:urllib3.connectionpool:http://www.basketball-reference.com:80 "GET /leagues/NBA_2017_per_game.html HTTP/1.1" 301 185
DEBUG:urllib3.connectionpool:Starting new HTTPS connection (1): www.basketball-reference.com
INFO:werkzeug: * Running on http://127.0.0.1:8050/ (Press CTRL+C to quit)
INFO:werkzeug: * Restarting with stat
WARNING:werkzeug: * Debugger is active!
INFO:werkzeug: * Debugger PIN: 195-369-860
INFO:werkzeug: * Running on http://127.0.0.1:8050/ (Press CTRL+C to quit)
INFO:werkzeug: * Restarting with stat
WARNING:werkzeug: * Debugger is active!
INFO:werkzeug: * Debugger PIN: 195-369-860
INFO:werkzeug: * Running on http://127.0.0.1:8050/ (Press CTRL+C to quit)
INFO:werkzeug: * Restarting with stat
WARNING:werkzeug: * Debugger is active!
INFO:werkzeug: * Debugger PIN: 195-369-860
INFO:werkzeug: * Detected change in '/Users/michael/Documents/workspace/autvincere/aut_vincere/dash_plot.py', reloading
INFO:werkzeug: * Restarting with stat
WARNING:werkzeug: * Debugger is active!
INFO:werkzeug: * Debugger PIN: 195-369-860
INFO:werkzeug: * Running on http://127.0.0.1:8050/ (Press CTRL+C to quit)
INFO:werkzeug: * Restarting with stat
WARNING:werkzeug: * Debugger is active!
INFO:werkzeug: * Debugger PIN: 195-369-860
INFO:werkzeug: * Running on http://127.0.0.1:8050/ (Press CTRL+C to quit)
INFO:werkzeug: * Restarting with stat
WARNING:werkzeug: * Debugger is active!
INFO:werkzeug: * Debugger PIN: 195-369-860
INFO:werkzeug: * Detected change in '/Users/michael/Documents/workspace/autvincere/aut_vincere/dash_plot.py', reloading
INFO:werkzeug: * Restarting with stat
WARNING:werkzeug: * Debugger is active!
INFO:werkzeug: * Debugger PIN: 195-369-860
INFO:werkzeug: * Running on http://127.0.0.1:8050/ (Press CTRL+C to quit)
INFO:werkzeug: * Restarting with stat
WARNING:werkzeug: * Debugger is active!
INFO:werkzeug: * Debugger PIN: 195-369-860
INFO:werkzeug: * Running on http://127.0.0.1:8050/ (Press CTRL+C to quit)
INFO:werkzeug: * Restarting with stat
WARNING:werkzeug: * Debugger is active!
INFO:werkzeug: * Debugger PIN: 195-369-860
INFO:werkzeug: * Running on http://127.0.0.1:8050/ (Press CTRL+C to quit)
INFO:werkzeug: * Restarting with stat
WARNING:werkzeug: * Debugger is active!
INFO:werkzeug: * Debugger PIN: 195-369-860
INFO:werkzeug: * Running on http://127.0.0.1:8050/ (Press CTRL+C to quit)
INFO:werkzeug: * Restarting with stat
WARNING:werkzeug: * Debugger is active!
INFO:werkzeug: * Debugger PIN: 195-369-860
INFO:werkzeug: * Detected change in '/Users/michael/Documents/workspace/autvincere/aut_vincere/dash_plot2.py', reloading
INFO:werkzeug: * Restarting with stat
INFO:werkzeug: * Running on http://127.0.0.1:8050/ (Press CTRL+C to quit)
INFO:werkzeug: * Restarting with stat
WARNING:werkzeug: * Debugger is active!
INFO:werkzeug: * Debugger PIN: 195-369-860
INFO:werkzeug:127.0.0.1 - - [14/Feb/2018 17:16:03] "GET / HTTP/1.1" 200 -
INFO:werkzeug:127.0.0.1 - - [14/Feb/2018 17:16:03] "GET /_dash-layout HTTP/1.1" 200 -
INFO:werkzeug:127.0.0.1 - - [14/Feb/2018 17:16:03] "GET /_dash-dependencies HTTP/1.1" 200 -
INFO:werkzeug:127.0.0.1 - - [14/Feb/2018 17:16:03] "POST /_dash-update-component HTTP/1.1" 500 -
INFO:werkzeug:127.0.0.1 - - [14/Feb/2018 17:16:04] "GET /favicon.ico HTTP/1.1" 200 -
INFO:werkzeug:127.0.0.1 - - [14/Feb/2018 17:16:06] "POST /_dash-update-component HTTP/1.1" 500 -
INFO:werkzeug:127.0.0.1 - - [14/Feb/2018 17:16:08] "POST /_dash-update-component HTTP/1.1" 500 -
INFO:werkzeug:127.0.0.1 - - [14/Feb/2018 17:16:11] "GET / HTTP/1.1" 200 -
INFO:werkzeug:127.0.0.1 - - [14/Feb/2018 17:16:13] "GET /_dash-layout HTTP/1.1" 200 -
INFO:werkzeug:127.0.0.1 - - [14/Feb/2018 17:16:13] "GET /_dash-dependencies HTTP/1.1" 200 -
INFO:werkzeug:127.0.0.1 - - [14/Feb/2018 17:16:13] "POST /_dash-update-component HTTP/1.1" 500 -
INFO:werkzeug:127.0.0.1 - - [14/Feb/2018 17:16:13] "GET /favicon.ico HTTP/1.1" 200 -
INFO:werkzeug:127.0.0.1 - - [14/Feb/2018 17:16:13] "GET / HTTP/1.1" 200 -
INFO:werkzeug:127.0.0.1 - - [14/Feb/2018 17:16:15] "GET /_dash-layout HTTP/1.1" 200 -
INFO:werkzeug:127.0.0.1 - - [14/Feb/2018 17:16:15] "GET /_dash-dependencies HTTP/1.1" 200 -
INFO:werkzeug:127.0.0.1 - - [14/Feb/2018 17:16:15] "POST /_dash-update-component HTTP/1.1" 500 -
INFO:werkzeug:127.0.0.1 - - [14/Feb/2018 17:16:15] "GET /favicon.ico HTTP/1.1" 200 -
INFO:werkzeug:127.0.0.1 - - [14/Feb/2018 17:16:17] "GET / HTTP/1.1" 200 -
INFO:werkzeug:127.0.0.1 - - [14/Feb/2018 17:16:17] "GET /_dash-layout HTTP/1.1" 200 -
INFO:werkzeug:127.0.0.1 - - [14/Feb/2018 17:16:17] "GET /_dash-dependencies HTTP/1.1" 200 -
INFO:werkzeug:127.0.0.1 - - [14/Feb/2018 17:16:18] "POST /_dash-update-component HTTP/1.1" 500 -
INFO:werkzeug:127.0.0.1 - - [14/Feb/2018 17:16:18] "GET /favicon.ico HTTP/1.1" 200 -
INFO:werkzeug:127.0.0.1 - - [14/Feb/2018 17:16:23] "POST /_dash-update-component HTTP/1.1" 500 -
INFO:werkzeug: * Detected change in '/Users/michael/Documents/workspace/autvincere/aut_vincere/dash_plot.py', reloading
INFO:werkzeug: * Restarting with stat
DEBUG:urllib3.connectionpool:Starting new HTTP connection (1): www.basketball-reference.com
DEBUG:urllib3.connectionpool:http://www.basketball-reference.com:80 "GET /leagues/NBA_2017_per_game.html HTTP/1.1" 301 185
DEBUG:urllib3.connectionpool:Starting new HTTPS connection (1): www.basketball-reference.com
DEBUG:urllib3.connectionpool:https://www.basketball-reference.com:443 "GET /leagues/NBA_2017_per_game.html HTTP/1.1" 200 None
WARNING:werkzeug: * Debugger is active!
INFO:werkzeug: * Debugger PIN: 195-369-860
INFO:werkzeug:127.0.0.1 - - [14/Feb/2018 17:16:57] "POST /_dash-update-component HTTP/1.1" 200 -
INFO:werkzeug:127.0.0.1 - - [14/Feb/2018 17:16:57] "GET /favicon.ico HTTP/1.1" 200 -
INFO:werkzeug:127.0.0.1 - - [14/Feb/2018 17:17:13] "POST /_dash-update-component HTTP/1.1" 200 -
INFO:werkzeug:127.0.0.1 - - [14/Feb/2018 17:17:15] "POST /_dash-update-component HTTP/1.1" 200 -
INFO:werkzeug: * Detected change in '/Users/michael/Documents/workspace/autvincere/aut_vincere/dash_plot.py', reloading
INFO:werkzeug: * Restarting with stat
DEBUG:urllib3.connectionpool:Starting new HTTP connection (1): www.basketball-reference.com
DEBUG:urllib3.connectionpool:http://www.basketball-reference.com:80 "GET /leagues/NBA_2017_per_game.html HTTP/1.1" 301 185
DEBUG:urllib3.connectionpool:Starting new HTTPS connection (1): www.basketball-reference.com
DEBUG:urllib3.connectionpool:https://www.basketball-reference.com:443 "GET /leagues/NBA_2017_per_game.html HTTP/1.1" 200 None
WARNING:werkzeug: * Debugger is active!
INFO:werkzeug: * Debugger PIN: 195-369-860
INFO:werkzeug:127.0.0.1 - - [14/Feb/2018 17:17:37] "GET / HTTP/1.1" 200 -
INFO:werkzeug:127.0.0.1 - - [14/Feb/2018 17:17:37] "GET /_dash-layout HTTP/1.1" 200 -
INFO:werkzeug:127.0.0.1 - - [14/Feb/2018 17:17:37] "GET /_dash-dependencies HTTP/1.1" 200 -
INFO:werkzeug:127.0.0.1 - - [14/Feb/2018 17:17:37] "POST /_dash-update-component HTTP/1.1" 200 -
INFO:werkzeug:127.0.0.1 - - [14/Feb/2018 17:17:37] "GET /favicon.ico HTTP/1.1" 200 -
INFO:werkzeug:127.0.0.1 - - [14/Feb/2018 17:17:39] "GET / HTTP/1.1" 200 -
INFO:werkzeug:127.0.0.1 - - [14/Feb/2018 17:17:39] "GET /_dash-layout HTTP/1.1" 200 -
INFO:werkzeug:127.0.0.1 - - [14/Feb/2018 17:17:39] "GET /_dash-dependencies HTTP/1.1" 200 -
INFO:werkzeug:127.0.0.1 - - [14/Feb/2018 17:17:39] "GET / HTTP/1.1" 200 -
INFO:werkzeug:127.0.0.1 - - [14/Feb/2018 17:17:39] "POST /_dash-update-component HTTP/1.1" 200 -
INFO:werkzeug:127.0.0.1 - - [14/Feb/2018 17:17:39] "GET /_dash-layout HTTP/1.1" 200 -
INFO:werkzeug:127.0.0.1 - - [14/Feb/2018 17:17:39] "GET /_dash-dependencies HTTP/1.1" 200 -
INFO:werkzeug:127.0.0.1 - - [14/Feb/2018 17:17:39] "POST /_dash-update-component HTTP/1.1" 200 -
INFO:werkzeug:127.0.0.1 - - [14/Feb/2018 17:17:39] "GET /favicon.ico HTTP/1.1" 200 -
INFO:werkzeug:127.0.0.1 - - [14/Feb/2018 17:17:42] "POST /_dash-update-component HTTP/1.1" 200 -
INFO:werkzeug:127.0.0.1 - - [14/Feb/2018 17:17:48] "POST /_dash-update-component HTTP/1.1" 200 -
INFO:werkzeug:127.0.0.1 - - [14/Feb/2018 17:17:51] "POST /_dash-update-component HTTP/1.1" 200 -
DEBUG:urllib3.connectionpool:Starting new HTTP connection (1): www.basketball-reference.com
DEBUG:urllib3.connectionpool:http://www.basketball-reference.com:80 "GET /leagues/NBA_2017_per_game.html HTTP/1.1" 301 185
DEBUG:urllib3.connectionpool:Starting new HTTPS connection (1): www.basketball-reference.com
DEBUG:urllib3.connectionpool:https://www.basketball-reference.com:443 "GET /leagues/NBA_2017_per_game.html HTTP/1.1" 200 None
INFO:werkzeug: * Running on http://127.0.0.1:8050/ (Press CTRL+C to quit)
INFO:werkzeug: * Restarting with stat
DEBUG:urllib3.connectionpool:Starting new HTTP connection (1): www.basketball-reference.com
DEBUG:urllib3.connectionpool:http://www.basketball-reference.com:80 "GET /leagues/NBA_2017_per_game.html HTTP/1.1" 301 185
DEBUG:urllib3.connectionpool:Starting new HTTPS connection (1): www.basketball-reference.com
DEBUG:urllib3.connectionpool:https://www.basketball-reference.com:443 "GET /leagues/NBA_2017_per_game.html HTTP/1.1" 200 None
WARNING:werkzeug: * Debugger is active!
INFO:werkzeug: * Debugger PIN: 195-369-860
INFO:werkzeug:127.0.0.1 - - [14/Feb/2018 17:19:03] "GET / HTTP/1.1" 200 -
INFO:werkzeug:127.0.0.1 - - [14/Feb/2018 17:19:03] "GET /_dash-layout HTTP/1.1" 200 -
INFO:werkzeug:127.0.0.1 - - [14/Feb/2018 17:19:03] "GET /_dash-dependencies HTTP/1.1" 200 -
INFO:werkzeug:127.0.0.1 - - [14/Feb/2018 17:19:04] "POST /_dash-update-component HTTP/1.1" 200 -
INFO:werkzeug:127.0.0.1 - - [14/Feb/2018 17:19:04] "GET /favicon.ico HTTP/1.1" 200 -
INFO:werkzeug:127.0.0.1 - - [14/Feb/2018 17:19:08] "POST /_dash-update-component HTTP/1.1" 200 -
INFO:werkzeug: * Detected change in '/Users/michael/Documents/workspace/autvincere/aut_vincere/dash_plot.py', reloading
INFO:werkzeug: * Restarting with stat
DEBUG:urllib3.connectionpool:Starting new HTTP connection (1): www.basketball-reference.com
DEBUG:urllib3.connectionpool:http://www.basketball-reference.com:80 "GET /leagues/NBA_2017_per_game.html HTTP/1.1" 301 185
DEBUG:urllib3.connectionpool:Starting new HTTPS connection (1): www.basketball-reference.com
DEBUG:urllib3.connectionpool:https://www.basketball-reference.com:443 "GET /leagues/NBA_2017_per_game.html HTTP/1.1" 200 None
WARNING:werkzeug: * Debugger is active!
INFO:werkzeug: * Debugger PIN: 195-369-860
INFO:werkzeug:127.0.0.1 - - [14/Feb/2018 17:19:20] "GET / HTTP/1.1" 200 -
INFO:werkzeug:127.0.0.1 - - [14/Feb/2018 17:19:20] "GET / HTTP/1.1" 200 -
INFO:werkzeug:127.0.0.1 - - [14/Feb/2018 17:19:22] "GET /_dash-layout HTTP/1.1" 200 -
INFO:werkzeug:127.0.0.1 - - [14/Feb/2018 17:19:22] "GET /_dash-dependencies HTTP/1.1" 200 -
INFO:werkzeug:127.0.0.1 - - [14/Feb/2018 17:19:22] "POST /_dash-update-component HTTP/1.1" 200 -
INFO:werkzeug:127.0.0.1 - - [14/Feb/2018 17:19:22] "GET /favicon.ico HTTP/1.1" 200 -
INFO:werkzeug: * Detected change in '/Users/michael/Documents/workspace/autvincere/aut_vincere/dash_plot.py', reloading
INFO:werkzeug: * Restarting with stat
DEBUG:urllib3.connectionpool:Starting new HTTP connection (1): www.basketball-reference.com
DEBUG:urllib3.connectionpool:http://www.basketball-reference.com:80 "GET /leagues/NBA_2017_per_game.html HTTP/1.1" 301 185
DEBUG:urllib3.connectionpool:Starting new HTTPS connection (1): www.basketball-reference.com
DEBUG:urllib3.connectionpool:https://www.basketball-reference.com:443 "GET /leagues/NBA_2017_per_game.html HTTP/1.1" 200 None
WARNING:werkzeug: * Debugger is active!
INFO:werkzeug: * Debugger PIN: 195-369-860
INFO:werkzeug:127.0.0.1 - - [14/Feb/2018 17:19:42] "GET / HTTP/1.1" 200 -
INFO:werkzeug:127.0.0.1 - - [14/Feb/2018 17:19:44] "GET /_dash-layout HTTP/1.1" 200 -
INFO:werkzeug:127.0.0.1 - - [14/Feb/2018 17:19:44] "GET /_dash-dependencies HTTP/1.1" 200 -
INFO:werkzeug:127.0.0.1 - - [14/Feb/2018 17:19:44] "POST /_dash-update-component HTTP/1.1" 200 -
INFO:werkzeug:127.0.0.1 - - [14/Feb/2018 17:19:44] "GET /favicon.ico HTTP/1.1" 200 -
INFO:werkzeug:127.0.0.1 - - [14/Feb/2018 17:19:47] "POST /_dash-update-component HTTP/1.1" 200 -
INFO:werkzeug:127.0.0.1 - - [14/Feb/2018 17:19:49] "POST /_dash-update-component HTTP/1.1" 200 -
INFO:werkzeug:127.0.0.1 - - [14/Feb/2018 17:19:53] "POST /_dash-update-component HTTP/1.1" 200 -
INFO:werkzeug: * Detected change in '/Users/michael/Documents/workspace/autvincere/aut_vincere/dash_plot.py', reloading
INFO:werkzeug: * Restarting with stat
DEBUG:urllib3.connectionpool:Starting new HTTP connection (1): www.basketball-reference.com
DEBUG:urllib3.connectionpool:http://www.basketball-reference.com:80 "GET /leagues/NBA_2017_per_game.html HTTP/1.1" 301 185
DEBUG:urllib3.connectionpool:Starting new HTTPS connection (1): www.basketball-reference.com
DEBUG:urllib3.connectionpool:https://www.basketball-reference.com:443 "GET /leagues/NBA_2017_per_game.html HTTP/1.1" 200 None
WARNING:werkzeug: * Debugger is active!
INFO:werkzeug: * Debugger PIN: 195-369-860
INFO:werkzeug:127.0.0.1 - - [14/Feb/2018 17:20:13] "POST /_dash-update-component HTTP/1.1" 200 -
INFO:werkzeug:127.0.0.1 - - [14/Feb/2018 17:20:14] "GET / HTTP/1.1" 200 -
INFO:werkzeug:127.0.0.1 - - [14/Feb/2018 17:20:16] "GET /_dash-layout HTTP/1.1" 200 -
INFO:werkzeug:127.0.0.1 - - [14/Feb/2018 17:20:16] "GET /_dash-dependencies HTTP/1.1" 200 -
INFO:werkzeug:127.0.0.1 - - [14/Feb/2018 17:20:16] "POST /_dash-update-component HTTP/1.1" 200 -
INFO:werkzeug:127.0.0.1 - - [14/Feb/2018 17:20:16] "GET /favicon.ico HTTP/1.1" 200 -
INFO:werkzeug:127.0.0.1 - - [14/Feb/2018 17:20:20] "POST /_dash-update-component HTTP/1.1" 200 -
INFO:werkzeug: * Detected change in '/Users/michael/Documents/workspace/autvincere/aut_vincere/dash_plot.py', reloading
INFO:werkzeug: * Restarting with stat
DEBUG:urllib3.connectionpool:Starting new HTTP connection (1): www.basketball-reference.com
DEBUG:urllib3.connectionpool:http://www.basketball-reference.com:80 "GET /leagues/NBA_2017_per_game.html HTTP/1.1" 301 185
DEBUG:urllib3.connectionpool:Starting new HTTPS connection (1): www.basketball-reference.com
DEBUG:urllib3.connectionpool:https://www.basketball-reference.com:443 "GET /leagues/NBA_2017_per_game.html HTTP/1.1" 200 None
WARNING:werkzeug: * Debugger is active!
INFO:werkzeug: * Debugger PIN: 195-369-860
INFO:werkzeug: * Detected change in '/Users/michael/Documents/workspace/autvincere/aut_vincere/dash_plot.py', reloading
INFO:werkzeug: * Restarting with stat
DEBUG:urllib3.connectionpool:Starting new HTTP connection (1): www.basketball-reference.com
DEBUG:urllib3.connectionpool:http://www.basketball-reference.com:80 "GET /leagues/NBA_2017_per_game.html HTTP/1.1" 301 185
DEBUG:urllib3.connectionpool:Starting new HTTPS connection (1): www.basketball-reference.com
DEBUG:urllib3.connectionpool:https://www.basketball-reference.com:443 "GET /leagues/NBA_2017_per_game.html HTTP/1.1" 200 None
WARNING:werkzeug: * Debugger is active!
INFO:werkzeug: * Debugger PIN: 195-369-860
INFO:werkzeug: * Detected change in '/Users/michael/Documents/workspace/autvincere/aut_vincere/dash_plot.py', reloading
INFO:werkzeug: * Restarting with stat
DEBUG:urllib3.connectionpool:Starting new HTTP connection (1): www.basketball-reference.com
DEBUG:urllib3.connectionpool:http://www.basketball-reference.com:80 "GET /leagues/NBA_2017_per_game.html HTTP/1.1" 301 185
DEBUG:urllib3.connectionpool:Starting new HTTPS connection (1): www.basketball-reference.com
DEBUG:urllib3.connectionpool:https://www.basketball-reference.com:443 "GET /leagues/NBA_2017_per_game.html HTTP/1.1" 200 None
WARNING:werkzeug: * Debugger is active!
INFO:werkzeug: * Debugger PIN: 195-369-860
INFO:werkzeug:127.0.0.1 - - [14/Feb/2018 17:21:09] "GET / HTTP/1.1" 200 -
INFO:werkzeug:127.0.0.1 - - [14/Feb/2018 17:21:11] "GET /_dash-layout HTTP/1.1" 200 -
INFO:werkzeug:127.0.0.1 - - [14/Feb/2018 17:21:11] "GET /_dash-dependencies HTTP/1.1" 200 -
INFO:werkzeug:127.0.0.1 - - [14/Feb/2018 17:21:11] "POST /_dash-update-component HTTP/1.1" 200 -
INFO:werkzeug:127.0.0.1 - - [14/Feb/2018 17:21:11] "GET /favicon.ico HTTP/1.1" 200 -
INFO:werkzeug:127.0.0.1 - - [14/Feb/2018 17:21:14] "POST /_dash-update-component HTTP/1.1" 200 -
INFO:werkzeug:127.0.0.1 - - [14/Feb/2018 17:21:17] "POST /_dash-update-component HTTP/1.1" 200 -
INFO:werkzeug:127.0.0.1 - - [14/Feb/2018 17:21:19] "POST /_dash-update-component HTTP/1.1" 200 -
INFO:werkzeug: * Detected change in '/Users/michael/Documents/workspace/autvincere/aut_vincere/dash_plot.py', reloading
INFO:werkzeug: * Restarting with stat
DEBUG:urllib3.connectionpool:Starting new HTTP connection (1): www.basketball-reference.com
DEBUG:urllib3.connectionpool:http://www.basketball-reference.com:80 "GET /leagues/NBA_2017_per_game.html HTTP/1.1" 301 185
DEBUG:urllib3.connectionpool:Starting new HTTPS connection (1): www.basketball-reference.com
DEBUG:urllib3.connectionpool:https://www.basketball-reference.com:443 "GET /leagues/NBA_2017_per_game.html HTTP/1.1" 200 None
WARNING:werkzeug: * Debugger is active!
INFO:werkzeug: * Debugger PIN: 195-369-860
INFO:werkzeug: * Detected change in '/Users/michael/Documents/workspace/autvincere/aut_vincere/dash_plot.py', reloading
INFO:werkzeug: * Restarting with stat
DEBUG:urllib3.connectionpool:Starting new HTTP connection (1): www.basketball-reference.com
DEBUG:urllib3.connectionpool:http://www.basketball-reference.com:80 "GET /leagues/NBA_2017_per_game.html HTTP/1.1" 301 185
DEBUG:urllib3.connectionpool:Starting new HTTPS connection (1): www.basketball-reference.com
DEBUG:urllib3.connectionpool:https://www.basketball-reference.com:443 "GET /leagues/NBA_2017_per_game.html HTTP/1.1" 200 None
WARNING:werkzeug: * Debugger is active!
INFO:werkzeug: * Debugger PIN: 195-369-860
DEBUG:urllib3.connectionpool:Starting new HTTP connection (1): www.basketball-reference.com
DEBUG:urllib3.connectionpool:http://www.basketball-reference.com:80 "GET /leagues/NBA_2017_per_game.html HTTP/1.1" 301 185
DEBUG:urllib3.connectionpool:Starting new HTTPS connection (1): www.basketball-reference.com
DEBUG:urllib3.connectionpool:https://www.basketball-reference.com:443 "GET /leagues/NBA_2017_per_game.html HTTP/1.1" 200 None
INFO:werkzeug: * Running on http://127.0.0.1:8050/ (Press CTRL+C to quit)
INFO:werkzeug: * Restarting with stat
DEBUG:urllib3.connectionpool:Starting new HTTP connection (1): www.basketball-reference.com
DEBUG:urllib3.connectionpool:http://www.basketball-reference.com:80 "GET /leagues/NBA_2017_per_game.html HTTP/1.1" 301 185
DEBUG:urllib3.connectionpool:Starting new HTTPS connection (1): www.basketball-reference.com
DEBUG:urllib3.connectionpool:https://www.basketball-reference.com:443 "GET /leagues/NBA_2017_per_game.html HTTP/1.1" 200 None
WARNING:werkzeug: * Debugger is active!
INFO:werkzeug: * Debugger PIN: 195-369-860
INFO:werkzeug:127.0.0.1 - - [14/Feb/2018 17:25:02] "GET / HTTP/1.1" 200 -
INFO:werkzeug:127.0.0.1 - - [14/Feb/2018 17:25:03] "GET /_dash-layout HTTP/1.1" 200 -
INFO:werkzeug:127.0.0.1 - - [14/Feb/2018 17:25:03] "GET /_dash-dependencies HTTP/1.1" 200 -
INFO:werkzeug:127.0.0.1 - - [14/Feb/2018 17:25:03] "POST /_dash-update-component HTTP/1.1" 200 -
INFO:werkzeug:127.0.0.1 - - [14/Feb/2018 17:25:04] "GET /favicon.ico HTTP/1.1" 200 -
INFO:werkzeug:127.0.0.1 - - [14/Feb/2018 17:25:11] "POST /_dash-update-component HTTP/1.1" 200 -
INFO:werkzeug:127.0.0.1 - - [14/Feb/2018 17:25:15] "POST /_dash-update-component HTTP/1.1" 200 -
INFO:werkzeug:127.0.0.1 - - [14/Feb/2018 17:25:19] "POST /_dash-update-component HTTP/1.1" 200 -
INFO:werkzeug:127.0.0.1 - - [14/Feb/2018 17:25:26] "POST /_dash-update-component HTTP/1.1" 200 -
INFO:werkzeug:127.0.0.1 - - [14/Feb/2018 17:33:32] "POST /_dash-update-component HTTP/1.1" 200 -
INFO:werkzeug:127.0.0.1 - - [14/Feb/2018 17:35:20] "POST /_dash-update-component HTTP/1.1" 200 -
